#
# There is insufficient memory for the Java Runtime Environment to continue.
# Native memory allocation (mmap) failed to map 134217728 bytes for G1 virtual space
# Possible reasons:
#   The system is out of physical RAM or swap space
#   The process is running with CompressedOops enabled, and the Java Heap may be blocking the growth of the native heap
# Possible solutions:
#   Reduce memory load on the system
#   Increase physical memory or swap space
#   Check if swap backing store is full
#   Decrease Java heap size (-Xmx/-Xms)
#   Decrease number of Java threads
#   Decrease Java thread stack sizes (-Xss)
#   Set larger code cache with -XX:ReservedCodeCacheSize=
#   JVM is running with Unscaled Compressed Oops mode in which the Java heap is
#     placed in the first 4GB address space. The Java Heap base address is the
#     maximum limit for the native heap growth. Please use -XX:HeapBaseMinAddress
#     to set the Java Heap base and to place the Java Heap above 4GB virtual address.
# This output file may be truncated or incomplete.
#
#  Out of Memory Error (os_windows.cpp:3769), pid=16880, tid=15516
#
# JRE version:  (17.0.6) (build )
# Java VM: OpenJDK 64-Bit Server VM (17.0.6+0-b2043.56-10027231, mixed mode, sharing, tiered, compressed oops, compressed class ptrs, g1 gc, windows-amd64)
# No core dump will be written. Minidumps are not enabled by default on client versions of Windows
#

---------------  S U M M A R Y ------------

Command Line: org.jetbrains.kotlin.cli.jvm.K2JVMCompiler @C:\Users\Martins\AndroidStudioProjects\Odiyo\app\build\20231009_10724794947012770644.compiler.options

Host: Intel(R) Pentium(R) CPU  N3710  @ 1.60GHz, 4 cores, 7G,  Windows 10 , 64 bit Build 19041 (10.0.19041.1645)
Time: Mon Oct  9 17:36:44 2023 W. Central Africa Standard Time elapsed time: 0.572474 seconds (0d 0h 0m 0s)

---------------  T H R E A D  ---------------

Current thread (0x0000022abbf3bf90):  JavaThread "Unknown thread" [_thread_in_vm, id=15516, stack(0x00000060e2f00000,0x00000060e3000000)]

Stack: [0x00000060e2f00000,0x00000060e3000000]
Native frames: (J=compiled Java code, j=interpreted, Vv=VM code, C=native code)
V  [jvm.dll+0x683c9a]
V  [jvm.dll+0x8427a4]
V  [jvm.dll+0x843f9e]
V  [jvm.dll+0x844603]
V  [jvm.dll+0x249b75]
V  [jvm.dll+0x680b69]
V  [jvm.dll+0x67505a]
V  [jvm.dll+0x309acb]
V  [jvm.dll+0x310f86]
V  [jvm.dll+0x3608ee]
V  [jvm.dll+0x360b1f]
V  [jvm.dll+0x2dfbf8]
V  [jvm.dll+0x2e0b64]
V  [jvm.dll+0x814091]
V  [jvm.dll+0x36e6a1]
V  [jvm.dll+0x7f35cc]
V  [jvm.dll+0x3f0e8f]
V  [jvm.dll+0x3f29d1]
C  [jli.dll+0x526b]
C  [ucrtbase.dll+0x21bb2]
C  [KERNEL32.DLL+0x17034]
C  [ntdll.dll+0x52651]


---------------  P R O C E S S  ---------------

Threads class SMR info:
_java_thread_list=0x00007ffcf123c058, length=0, elements={
}

Java Threads: ( => current thread )

Other Threads:
  0x0000022abe0b4b90 GCTaskThread "GC Thread#0" [stack: 0x00000060e3000000,0x00000060e3100000] [id=12728]
  0x0000022abe0c5fb0 ConcurrentGCThread "G1 Main Marker" [stack: 0x00000060e3100000,0x00000060e3200000] [id=14704]
  0x0000022abe0c69c0 ConcurrentGCThread "G1 Conc#0" [stack: 0x00000060e3200000,0x00000060e3300000] [id=14744]

[error occurred during error reporting (printing all threads), id 0xc0000005, EXCEPTION_ACCESS_VIOLATION (0xc0000005) at pc=0x00007ffcf09f0797]

VM state: not at safepoint (not fully initialized)

VM Mutex/Monitor currently owned by a thread:  ([mutex/lock_event])
[0x0000022abe05a510] Heap_lock - owner thread: 0x0000022abbf3bf90

Heap address: 0x0000000081600000, size: 2026 MB, Compressed Oops mode: 32-bit

CDS archive(s) mapped at: [0x0000000000000000-0x0000000000000000-0x0000000000000000), size 0, SharedBaseAddress: 0x0000000800000000, ArchiveRelocationMode: 0.
Narrow klass base: 0x0000000000000000, Narrow klass shift: 0, Narrow klass range: 0x0

GC Precious Log:
<Empty>

Heap:
 garbage-first heap   total 0K, used 0K [0x0000000081600000, 0x0000000100000000)
  region size 1024K, 0 young (0K), 0 survivors (0K)

[error occurred during error reporting (printing heap information), id 0xc0000005, EXCEPTION_ACCESS_VIOLATION (0xc0000005) at pc=0x00007ffcf0ddda89]

GC Heap History (0 events):
No events

Dll operation events (1 events):
Event: 0.416 Loaded shared library C:\Program Files\Android\Android Studio1\jbr\bin\java.dll

Deoptimization events (0 events):
No events

Classes unloaded (0 events):
No events

Classes redefined (0 events):
No events

Internal exceptions (0 events):
No events

VM Operations (0 events):
No events

Events (0 events):
No events


Dynamic libraries:
0x00007ff645860000 - 0x00007ff64586a000 	C:\Program Files\Android\Android Studio1\jbr\bin\java.exe
0x00007ffd584f0000 - 0x00007ffd586e5000 	C:\WINDOWS\SYSTEM32\ntdll.dll
0x00007ffd57c20000 - 0x00007ffd57cde000 	C:\WINDOWS\System32\KERNEL32.DLL
0x00007ffd56280000 - 0x00007ffd56548000 	C:\WINDOWS\System32\KERNELBASE.dll
0x00007ffd56020000 - 0x00007ffd56120000 	C:\WINDOWS\System32\ucrtbase.dll
0x00007ffd4b9f0000 - 0x00007ffd4ba07000 	C:\Program Files\Android\Android Studio1\jbr\bin\jli.dll
0x00007ffd43e90000 - 0x00007ffd43eab000 	C:\Program Files\Android\Android Studio1\jbr\bin\VCRUNTIME140.dll
0x00007ffd58220000 - 0x00007ffd583c0000 	C:\WINDOWS\System32\USER32.dll
0x00007ffd4fd70000 - 0x00007ffd5000a000 	C:\WINDOWS\WinSxS\amd64_microsoft.windows.common-controls_6595b64144ccf1df_6.0.19041.1110_none_60b5254171f9507e\COMCTL32.dll
0x00007ffd55c10000 - 0x00007ffd55c32000 	C:\WINDOWS\System32\win32u.dll
0x00007ffd56ff0000 - 0x00007ffd5701a000 	C:\WINDOWS\System32\GDI32.dll
0x00007ffd580a0000 - 0x00007ffd5813e000 	C:\WINDOWS\System32\msvcrt.dll
0x00007ffd55cb0000 - 0x00007ffd55dbb000 	C:\WINDOWS\System32\gdi32full.dll
0x00007ffd56150000 - 0x00007ffd561ed000 	C:\WINDOWS\System32\msvcp_win.dll
0x00007ffd574a0000 - 0x00007ffd574d0000 	C:\WINDOWS\System32\IMM32.DLL
0x00007ffd4ecb0000 - 0x00007ffd4ecbc000 	C:\Program Files\Android\Android Studio1\jbr\bin\vcruntime140_1.dll
0x00007ffd3fbd0000 - 0x00007ffd3fc5d000 	C:\Program Files\Android\Android Studio1\jbr\bin\msvcp140.dll
0x00007ffcf0700000 - 0x00007ffcf136e000 	C:\Program Files\Android\Android Studio1\jbr\bin\server\jvm.dll
0x00007ffd56d60000 - 0x00007ffd56e0e000 	C:\WINDOWS\System32\ADVAPI32.dll
0x00007ffd56e10000 - 0x00007ffd56eac000 	C:\WINDOWS\System32\sechost.dll
0x00007ffd57990000 - 0x00007ffd57ab5000 	C:\WINDOWS\System32\RPCRT4.dll
0x00007ffd4b550000 - 0x00007ffd4b55a000 	C:\WINDOWS\SYSTEM32\VERSION.dll
0x00007ffd4fca0000 - 0x00007ffd4fcc7000 	C:\WINDOWS\SYSTEM32\WINMM.dll
0x00007ffd543a0000 - 0x00007ffd543a9000 	C:\WINDOWS\SYSTEM32\WSOCK32.dll
0x00007ffd57870000 - 0x00007ffd578db000 	C:\WINDOWS\System32\WS2_32.dll
0x00007ffd544c0000 - 0x00007ffd544d2000 	C:\WINDOWS\SYSTEM32\kernel.appcore.dll
0x00007ffd4ede0000 - 0x00007ffd4edea000 	C:\Program Files\Android\Android Studio1\jbr\bin\jimage.dll
0x00007ffd539e0000 - 0x00007ffd53bc4000 	C:\WINDOWS\SYSTEM32\DBGHELP.DLL
0x00007ffd4b200000 - 0x00007ffd4b22c000 	C:\WINDOWS\SYSTEM32\dbgcore.DLL
0x00007ffd561f0000 - 0x00007ffd56272000 	C:\WINDOWS\System32\bcryptPrimitives.dll
0x00007ffd4e990000 - 0x00007ffd4e9b5000 	C:\Program Files\Android\Android Studio1\jbr\bin\java.dll

dbghelp: loaded successfully - version: 4.0.5 - missing functions: none
symbol engine: initialized successfully - sym options: 0x614 - pdb path: .;C:\Program Files\Android\Android Studio1\jbr\bin;C:\WINDOWS\SYSTEM32;C:\WINDOWS\WinSxS\amd64_microsoft.windows.common-controls_6595b64144ccf1df_6.0.19041.1110_none_60b5254171f9507e;C:\Program Files\Android\Android Studio1\jbr\bin\server

VM Arguments:
java_command: org.jetbrains.kotlin.cli.jvm.K2JVMCompiler @C:\Users\Martins\AndroidStudioProjects\Odiyo\app\build\20231009_10724794947012770644.compiler.options
java_class_path (initial): C:\Users\Martins\AndroidStudioProjects\Odiyo\.gradle\caches\modules-2\files-2.1\org.jetbrains.kotlin\kotlin-compiler-embeddable\1.8.0\eb9118d4bcceaa2a94b2ae2a33a4ddba7c9a947f\kotlin-compiler-embeddable-1.8.0.jar;C:\Users\Martins\AndroidStudioProjects\Odiyo\.gradle\caches\modules-2\files-2.1\org.jetbrains.kotlin\kotlin-stdlib\1.8.0\1796921c7a3e2e2665a83e6c8d33399336cd39bc\kotlin-stdlib-1.8.0.jar;C:\Users\Martins\AndroidStudioProjects\Odiyo\.gradle\caches\modules-2\files-2.1\org.jetbrains.kotlin\kotlin-script-runtime\1.8.0\b2f7e760d283cb339974851c222a4c1d48f2d3d\kotlin-script-runtime-1.8.0.jar;C:\Users\Martins\AndroidStudioProjects\Odiyo\.gradle\caches\modules-2\files-2.1\org.jetbrains.kotlin\kotlin-reflect\1.6.10\1cbe9c92c12a94eea200d23c2bbaedaf3daf5132\kotlin-reflect-1.6.10.jar;C:\Users\Martins\AndroidStudioProjects\Odiyo\.gradle\caches\modules-2\files-2.1\org.jetbrains.kotlin\kotlin-daemon-embeddable\1.8.0\d255216c551685dc3a7e852b53617f5f01aaaa5c\kotlin-daemon-embeddable-1.8.0.jar;C:\Users\Martins\AndroidStudioProjects\Odiyo\.gradle\caches\modules-2\files-2.1\org.jetbrains.intellij.deps\trove4j\1.0.20200330\3afb14d5f9ceb459d724e907a21145e8ff394f02\trove4j-1.0.20200330.jar;C:\Users\Martins\AndroidStudioProjects\Odiyo\.gradle\caches\modules-2\files-2.1\net.java.dev.jna\jna\5.6.0\330f2244e9030119ab3030fc3fededc86713d9cc\jna-5.6.0.jar;C:\Users\Martins\AndroidStudioProjects\Odiyo\.gradle\caches\modules-2\files-2.1\org.jetbrains.kotlin\kotlin-stdlib-common\1.8.0\f7197e7cc76453ac59f8b0f8d5137cc600becd36\kotlin-stdlib-common-1.8.0.jar;C:\Users\Martins\AndroidStudioProjects\Odiyo\.gradle\caches\modules-2\files-2.1\org.jetbrains\annotations\13.0\919f0dfe192fb4e063e7dacadee7f8bb9a2672a9\annotations-13.0.jar
Launcher Type: SUN_STANDARD

[Global flags]
     intx CICompilerCount                          = 3                                         {product} {ergonomic}
     uint ConcGCThreads                            = 1                                         {product} {ergonomic}
     uint G1ConcRefinementThreads                  = 4                                         {product} {ergonomic}
   size_t G1HeapRegionSize                         = 1048576                                   {product} {ergonomic}
    uintx GCDrainStackTargetSize                   = 64                                        {product} {ergonomic}
   size_t InitialHeapSize                          = 134217728                                 {product} {ergonomic}
   size_t MarkStackSize                            = 4194304                                   {product} {ergonomic}
   size_t MaxHeapSize                              = 2124414976                                {product} {ergonomic}
   size_t MinHeapDeltaBytes                        = 1048576                                   {product} {ergonomic}
   size_t MinHeapSize                              = 8388608                                   {product} {ergonomic}
    uintx NonNMethodCodeHeapSize                   = 5832780                                {pd product} {ergonomic}
    uintx NonProfiledCodeHeapSize                  = 122912730                              {pd product} {ergonomic}
    uintx ProfiledCodeHeapSize                     = 122912730                              {pd product} {ergonomic}
    uintx ReservedCodeCacheSize                    = 251658240                              {pd product} {ergonomic}
     bool SegmentedCodeCache                       = true                                      {product} {ergonomic}
   size_t SoftMaxHeapSize                          = 2124414976                             {manageable} {ergonomic}
     bool UseCompressedClassPointers               = true                           {product lp64_product} {ergonomic}
     bool UseCompressedOops                        = true                           {product lp64_product} {ergonomic}
     bool UseG1GC                                  = true                                      {product} {ergonomic}
     bool UseLargePagesIndividualAllocation        = false                                  {pd product} {ergonomic}

Logging:
Log output configuration:
 #0: stdout all=warning uptime,level,tags
 #1: stderr all=off uptime,level,tags

Environment Variables:
PATH=C:\Program Files (x86)\Common Files\Oracle\Java\javapath;C:\Program Files (x86)\Intel\TXE Components\TCS\;C:\Program Files\Intel\TXE Components\TCS\;C:\WINDOWS\system32;C:\WINDOWS;C:\WINDOWS\System32\Wbem;C:\WINDOWS\System32\WindowsPowerShell\v1.0\;C:\Program Files\Intel\TXE Components\DAL\;C:\Program Files (x86)\Intel\TXE Components\DAL\;C:\Program Files\Intel\TXE Components\IPT\;C:\Program Files (x86)\Intel\TXE Components\IPT\;C:\Program Files\Git\cmd;C:\WINDOWS\System32\OpenSSH\;C:\Users\Martins\AppData\Local\Microsoft\WindowsApps;C:\Program Files\heroku\bin;C:\Users\Martins\AppData\Local\GitHubDesktop\bin;
USERNAME=IGEDE
OS=Windows_NT
PROCESSOR_IDENTIFIER=Intel64 Family 6 Model 76 Stepping 4, GenuineIntel
TMP=C:\Users\Martins\AppData\Local\Temp
TEMP=C:\Users\Martins\AppData\Local\Temp


JNI global refs:

[error occurred during error reporting (JNI global references), id 0xc0000005, EXCEPTION_ACCESS_VIOLATION (0xc0000005) at pc=0x00007ffcf07b7a10]


---------------  S Y S T E M  ---------------

OS:
 Windows 10 , 64 bit Build 19041 (10.0.19041.1645)
OS uptime: 3 days 7:25 hours

CPU: total 4 (initial active 4) (4 cores per cpu, 1 threads per core) family 6 model 76 stepping 4 microcode 0x411, cx8, cmov, fxsr, mmx, 3dnowpref, sse, sse2, sse3, ssse3, sse4.1, sse4.2, popcnt, tsc, tscinvbit, aes, erms, clmul, clflush

Memory: 4k page, system-wide physical 8097M (567M free)
TotalPageFile size 13217M (AvailPageFile size 127M)
current process WorkingSet (physical memory assigned to process): 10M, peak: 10M
current process commit charge ("private bytes"): 51M, peak: 179M

vm_info: OpenJDK 64-Bit Server VM (17.0.6+0-b2043.56-10027231) for windows-amd64 JRE (17.0.6+0-b2043.56-10027231), built on Apr 28 2023 00:43:19 by "androidbuild" with MS VC++ 16.10 / 16.11 (VS2019)

END.
